<?xml version="1.0" encoding="UTF-8"?>
<!-- Generated by org.testng.reporters.JUnitReportReporter -->
<testsuite skipped="0" hostname="DESKTOP-5BDCR5P" name="com.ultimateqa.testsuite.LoginTest" tests="2" failures="0" timestamp="2022-12-13T16:24:53 GMT" time="19.729" errors="0">
  <testcase name="userShouldNavigateToLoginPageSuccessfully" time="10.136" classname="com.ultimateqa.testsuite.LoginTest"/>
  <system-out>
    <![CDATA[Clicking on Sign In Button [[ChromeDriver: chrome on WINDOWS (6ad00221191d2f6472921e8b420af43c)] -> xpath: //li[@class='header__nav-item header__nav-sign-in']/a]
Getting welcome back text [[ChromeDriver: chrome on WINDOWS (6ad00221191d2f6472921e8b420af43c)] -> class name: page__heading]
Click to see screenshot
<a target = "_blank" href=C:\Users\krupa\IdeaProjects\com-ultimateqa-pagefactorymodel/test-output/html/userShouldNavigateToLoginPageSuccessfullyTue_Dec_13_16_24_42_GMT_2022.jpg>Screenshot</a>
<br>
<br>
<a target = "_blank" href=C:\Users\krupa\IdeaProjects\com-ultimateqa-pagefactorymodel/test-output/html/userShouldNavigateToLoginPageSuccessfullyTue_Dec_13_16_24_42_GMT_2022.jpg><img src=C:\Users\krupa\IdeaProjects\com-ultimateqa-pagefactorymodel/test-output/html/userShouldNavigateToLoginPageSuccessfullyTue_Dec_13_16_24_42_GMT_2022.jpg height=200 width=200></img></a>]]>
  </system-out>
  <testcase name="verifyTheErrorMessage" time="9.593" classname="com.ultimateqa.testsuite.LoginTest"/>
  <system-out>
    <![CDATA[Clicking on Sign In Button [[ChromeDriver: chrome on WINDOWS (368e0c9da00b00293374ff9e5a2e62d7)] -> xpath: //li[@class='header__nav-item header__nav-sign-in']/a]
Enter emailjohnsmith0123@gmail.comto email field [[ChromeDriver: chrome on WINDOWS (368e0c9da00b00293374ff9e5a2e62d7)] -> id: user[email]]
Enter password password123 to password field [[ChromeDriver: chrome on WINDOWS (368e0c9da00b00293374ff9e5a2e62d7)] -> id: user[password]]
Clicking on Login Button [[ChromeDriver: chrome on WINDOWS (368e0c9da00b00293374ff9e5a2e62d7)] -> xpath: //button[contains(text(),'Sign in')]]
Getting invalid email or password text [[ChromeDriver: chrome on WINDOWS (368e0c9da00b00293374ff9e5a2e62d7)] -> class name: form-error__list-item]
Click to see screenshot
<a target = "_blank" href=C:\Users\krupa\IdeaProjects\com-ultimateqa-pagefactorymodel/test-output/html/verifyTheErrorMessageTue_Dec_13_16_24_52_GMT_2022.jpg>Screenshot</a>
<br>
<br>
<a target = "_blank" href=C:\Users\krupa\IdeaProjects\com-ultimateqa-pagefactorymodel/test-output/html/verifyTheErrorMessageTue_Dec_13_16_24_52_GMT_2022.jpg><img src=C:\Users\krupa\IdeaProjects\com-ultimateqa-pagefactorymodel/test-output/html/verifyTheErrorMessageTue_Dec_13_16_24_52_GMT_2022.jpg height=200 width=200></img></a>]]>
  </system-out>
</testsuite> <!-- com.ultimateqa.testsuite.LoginTest -->
